<?xml version="1.0" encoding="UTF-8"?>
<!-- Generated by org.testng.reporters.JUnitReportReporter -->
<testsuite skipped="0" hostname="DESKTOP-3EINJNF" name="Selenium.InterviewPreperation.HeadlessChromeDemo" tests="1" failures="0" timestamp="2020-07-13T10:20:08 BST" time="23.953" errors="0">
  <testcase name="test" time="23.953" classname="Selenium.InterviewPreperation.HeadlessChromeDemo"/>
  <system-out/>
</testsuite> <!-- Selenium.InterviewPreperation.HeadlessChromeDemo -->
