<?xml version="1.0" encoding="UTF-8"?>
<!-- Generated by org.testng.reporters.JUnitReportReporter -->
<testsuite skipped="0" hostname="DESKTOP-3EINJNF" name="Selenium.InterviewPreperation.HeadlessChromeBrowserDemo" tests="1" failures="0" timestamp="2020-07-13T18:16:04 BST" time="12.294" errors="0">
  <testcase name="LoginTest" time="12.294" classname="Selenium.InterviewPreperation.HeadlessChromeBrowserDemo"/>
  <system-out/>
</testsuite> <!-- Selenium.InterviewPreperation.HeadlessChromeBrowserDemo -->
