<?xml version="1.0" encoding="UTF-8"?>
<!-- Generated by org.testng.reporters.JUnitReportReporter -->
<testsuite skipped="0" hostname="DESKTOP-3EINJNF" name="Selenium.InterviewPreperation.MouseOver" tests="1" failures="0" timestamp="2020-07-13T18:09:06 BST" time="13.775" errors="0">
  <testcase name="Mouseover" time="13.775" classname="Selenium.InterviewPreperation.MouseOver"/>
  <system-out/>
</testsuite> <!-- Selenium.InterviewPreperation.MouseOver -->
