<?xml version="1.0" encoding="UTF-8"?>
<!-- Generated by org.testng.reporters.JUnitReportReporter -->
<testsuite skipped="0" hostname="DESKTOP-3EINJNF" name="Selenium.InterviewPreperation.TakeScreenshot" tests="1" failures="0" timestamp="2020-07-13T18:25:39 BST" time="20.758" errors="0">
  <testcase name="ScreenshotHandling" time="20.758" classname="Selenium.InterviewPreperation.TakeScreenshot"/>
  <system-out/>
</testsuite> <!-- Selenium.InterviewPreperation.TakeScreenshot -->
