<?xml version="1.0" encoding="UTF-8"?>
<!-- Generated by org.testng.reporters.JUnitReportReporter -->
<testsuite skipped="0" hostname="DESKTOP-3EINJNF" name="Selenium.InterviewPreperation.AlertsHandling" tests="3" failures="0" timestamp="2020-07-13T18:10:33 BST" time="2.080" errors="0">
  <testcase name="Alert1" time="1.379" classname="Selenium.InterviewPreperation.AlertsHandling"/>
  <system-out/>
  <testcase name="Alert2" time="0.302" classname="Selenium.InterviewPreperation.AlertsHandling"/>
  <system-out/>
  <testcase name="Alert3" time="0.399" classname="Selenium.InterviewPreperation.AlertsHandling"/>
  <system-out/>
</testsuite> <!-- Selenium.InterviewPreperation.AlertsHandling -->
