<?xml version="1.0" encoding="UTF-8"?>
<!-- Generated by org.testng.reporters.JUnitReportReporter -->
<testsuite skipped="0" hostname="DESKTOP-3EINJNF" name="Selenium.InterviewPreperation.HeadlessFirefoxBrowserDemo" tests="1" failures="0" timestamp="2020-07-13T18:23:04 BST" time="17.433" errors="0">
  <testcase name="DriverInitialization" time="17.433" classname="Selenium.InterviewPreperation.HeadlessFirefoxBrowserDemo"/>
  <system-out/>
</testsuite> <!-- Selenium.InterviewPreperation.HeadlessFirefoxBrowserDemo -->
